<?xml version="1.0" encoding="UTF-8"?>
<!-- Generated by org.testng.reporters.JUnitReportReporter -->
<testsuite hostname="DESKTOP-06KN6IE" failures="0" tests="1" name="base.TestBase" time="7.252" errors="0" timestamp="2024-08-08T21:25:21 IST" skipped="0">
  <testcase classname="base.TestBase" name="preRequsite" time="7.252"/>
  <system-out/>
</testsuite> <!-- base.TestBase -->
